number,value,datetime_start,datetime_complete,duration,params_batch_size,params_dropout,params_hidden_dim,params_lr,params_num_layers,params_weight_decay,state
0,0.7773776395482076,2026-03-14 09:33:35.413159,2026-03-14 09:38:29.752599,0 days 00:04:54.339440,256,0.12058105927693846,512,0.0001930184506094651,3,1.238078597778804e-06,COMPLETE
1,0.755770175151416,2026-03-14 09:38:29.753707,2026-03-14 09:44:00.696847,0 days 00:05:30.943140,128,0.20273708231109294,64,0.0017768136888660687,4,0.0009915013417580265,COMPLETE
2,0.7374365689965624,2026-03-14 09:44:00.698038,2026-03-14 09:48:03.173112,0 days 00:04:02.475074,256,0.4910699044479438,512,0.000846615347802109,2,5.327844717059386e-06,COMPLETE
3,0.7706662301522345,2026-03-14 09:48:03.174081,2026-03-14 09:57:55.920533,0 days 00:09:52.746452,64,0.17684616599667563,256,0.0012225421198603344,5,5.810806553129088e-06,COMPLETE
4,0.6942216402029792,2026-03-14 09:57:55.921538,2026-03-14 10:02:06.210089,0 days 00:04:10.288551,256,0.47284070790229504,64,0.00032457523616804455,5,0.00024846455296760443,COMPLETE
5,0.6781797348174824,2026-03-14 10:02:06.211232,2026-03-14 10:02:56.203647,0 days 00:00:49.992415,256,0.2703547683913449,64,0.0006554118742668634,5,0.0003758589864763171,PRUNED
6,0.7628089703715829,2026-03-14 10:02:56.204660,2026-03-14 10:10:54.238331,0 days 00:07:58.033671,64,0.20477172867602,512,0.0006124565819784397,3,0.0004506983862641659,COMPLETE
7,0.7348174824030119,2026-03-14 10:10:54.239420,2026-03-14 10:14:00.705407,0 days 00:03:06.465987,256,0.20277754335640186,512,0.00017459063554739557,4,0.00045300926275444606,PRUNED
8,0.6690129317400556,2026-03-14 10:14:00.706445,2026-03-14 10:16:12.239106,0 days 00:02:11.532661,64,0.3303407237970167,64,0.00014554872580993135,6,0.0002979996549777091,PRUNED
9,0.6902930103126534,2026-03-14 10:16:12.240101,2026-03-14 10:17:02.852239,0 days 00:00:50.612138,256,0.0679531063970234,128,0.009269775568327,5,8.911035299801411e-05,PRUNED
10,0.6881650024553937,2026-03-14 10:17:02.853104,2026-03-14 10:17:55.747819,0 days 00:00:52.894715,128,0.03494444554138701,256,0.0033078238800023545,2,1.013164360907654e-06,PRUNED
11,0.7705025372401375,2026-03-14 10:17:55.748859,2026-03-14 10:25:34.504192,0 days 00:07:38.755333,64,0.11130603299206746,256,0.0020098388917002847,3,5.4254019689178145e-06,COMPLETE
12,0.7744311671304632,2026-03-14 10:25:34.505196,2026-03-14 10:34:22.376751,0 days 00:08:47.871555,64,0.13582578132917067,256,0.00029204591669403074,4,1.2209819491382395e-06,COMPLETE
13,0.7795056474054674,2026-03-14 10:34:22.377823,2026-03-14 10:42:23.437226,0 days 00:08:01.059403,64,0.08575755454877926,512,0.0002921333931038656,3,1.0321622615229567e-06,COMPLETE
14,0.7791782615812736,2026-03-14 10:42:23.438491,2026-03-14 10:48:15.415901,0 days 00:05:51.977410,128,0.0016961354089891634,512,0.00010147067045895452,3,1.845464948752084e-05,COMPLETE
15,0.7775413324603044,2026-03-14 10:48:15.416819,2026-03-14 10:54:06.180918,0 days 00:05:50.764099,128,0.02275938139758158,512,0.00010284418097784848,3,1.7478134050929253e-05,COMPLETE
16,0.7046979865771812,2026-03-14 10:54:06.181913,2026-03-14 10:55:09.765096,0 days 00:01:03.583183,128,0.022347808921252234,128,0.0003162315356842791,2,2.8151957096813684e-05,PRUNED
17,0.6966770338844328,2026-03-14 10:55:09.766040,2026-03-14 10:56:19.788928,0 days 00:01:10.022888,128,0.37081452964296524,512,0.00010754326404794827,3,8.433949191622273e-05,PRUNED
18,0.6983139630054018,2026-03-14 10:56:19.789954,2026-03-14 10:57:48.229252,0 days 00:01:28.439298,64,0.08088126551665405,512,0.00044219001041199155,2,1.1626670742660903e-05,PRUNED
19,0.7790145686691766,2026-03-14 10:57:48.230132,2026-03-14 11:03:38.917442,0 days 00:05:50.687310,128,0.00036078339084071043,512,0.00018621009166563867,3,2.6029801310403594e-06,COMPLETE
20,0.6958585693239483,2026-03-14 11:03:38.918545,2026-03-14 11:04:46.993098,0 days 00:01:08.074553,128,0.26211671295600336,128,0.0002512434443002769,4,5.254252416064751e-05,PRUNED
21,0.7813062694385333,2026-03-14 11:04:46.994038,2026-03-14 11:10:39.922227,0 days 00:05:52.928189,128,0.017354246289126726,512,0.0001729335019928952,3,2.027562538549378e-06,COMPLETE
22,0.7863807497135374,2026-03-14 11:10:39.923283,2026-03-14 11:16:33.208945,0 days 00:05:53.285662,128,0.0659783242256632,512,0.00013045338154165455,3,2.403767811471815e-06,COMPLETE
23,0.699787199214274,2026-03-14 11:16:33.209920,2026-03-14 11:17:37.697716,0 days 00:01:04.487796,128,0.060241117523614295,512,0.0004845252085136232,2,2.468151216286638e-06,PRUNED
24,0.6901293174005566,2026-03-14 11:17:37.698627,2026-03-14 11:18:55.565167,0 days 00:01:17.866540,128,0.14201106598435387,512,0.00022150753413110105,3,2.253972646413731e-06,PRUNED
25,0.7107546243247668,2026-03-14 11:18:55.566242,2026-03-14 11:21:10.906620,0 days 00:02:15.340378,64,0.10282232808874615,512,0.00013712289543665093,4,3.933735045686923e-06,PRUNED
26,0.701424128335243,2026-03-14 11:21:10.907639,2026-03-14 11:22:22.038558,0 days 00:01:11.130919,128,0.049952106286099,512,0.0003986965981455736,3,1.8004281387708054e-06,PRUNED
27,0.715665411687674,2026-03-14 11:22:22.039567,2026-03-14 11:24:36.387675,0 days 00:02:14.348108,64,0.08475802088717496,512,0.00014276416852197324,4,9.35514816977868e-06,PRUNED
28,0.7087903093796039,2026-03-14 11:24:36.388720,2026-03-14 11:25:36.122183,0 days 00:00:59.733463,128,0.1603282477119598,128,0.00024423294415471474,2,1.8662655118252633e-06,PRUNED
29,0.7107546243247668,2026-03-14 11:25:36.123180,2026-03-14 11:27:22.067407,0 days 00:01:45.944227,64,0.11369595857136029,512,0.00019188875414702014,3,3.2469945492841423e-06,PRUNED
30,0.6418399083319692,2026-03-14 11:27:22.068412,2026-03-14 11:28:44.222893,0 days 00:01:22.154481,128,0.41353632784109784,512,0.005628303403380896,4,1.4553239068330878e-06,PRUNED
31,0.7069896873465379,2026-03-14 11:28:44.223930,2026-03-14 11:30:01.680898,0 days 00:01:17.456968,128,0.01159231220593529,512,0.00010669208778469198,3,8.078226341597083e-06,PRUNED
32,0.7074807660828286,2026-03-14 11:30:01.681861,2026-03-14 11:31:25.890241,0 days 00:01:24.208380,128,0.0457027107524241,512,0.0001297410454409574,3,1.629872594171152e-05,PRUNED
33,0.7158291045997708,2026-03-14 11:31:25.891265,2026-03-14 11:32:50.034989,0 days 00:01:24.143724,128,0.002601610116910162,512,0.00016957773548527554,3,4.040314347506576e-06,PRUNED
34,0.7038795220166967,2026-03-14 11:32:50.035990,2026-03-14 11:33:54.372235,0 days 00:01:04.336245,128,0.08470697405530067,512,0.00021602189834187482,2,1.014765166534866e-06,PRUNED
35,0.7010967425110493,2026-03-14 11:33:54.373169,2026-03-14 11:34:52.528260,0 days 00:00:58.155091,128,0.05098238259298096,64,0.0011483866680396262,2,6.981304678033282e-06,PRUNED
36,0.7207398919626781,2026-03-14 11:34:52.529275,2026-03-14 11:36:33.529971,0 days 00:01:41.000696,256,0.17408764715088604,512,0.0003624089282029451,3,1.5860528619957128e-06,PRUNED
37,0.6899656244884597,2026-03-14 11:36:33.530919,2026-03-14 11:37:41.383080,0 days 00:01:07.852161,128,0.3019805421473877,256,0.0008397348924012977,4,3.294878676790336e-05,PRUNED
38,0.6948764118513668,2026-03-14 11:37:41.384142,2026-03-14 11:39:13.506647,0 days 00:01:32.122505,64,0.22606017852206897,64,0.0005384635494099526,3,0.00016012339490552362,PRUNED
39,0.7074807660828286,2026-03-14 11:39:13.507706,2026-03-14 11:40:30.623059,0 days 00:01:17.115353,256,0.13650686882003338,512,0.00012858945598991575,4,3.5427509220835435e-06,PRUNED
40,0.6812899001473236,2026-03-14 11:40:30.624002,2026-03-14 11:41:41.282154,0 days 00:01:10.658152,128,0.0985313262117781,512,0.0015713653079410742,3,0.0006531480002543052,PRUNED
41,0.7813062694385333,2026-03-14 11:41:41.283105,2026-03-14 11:47:34.408901,0 days 00:05:53.125796,128,0.005096060290056788,512,0.0001809058098464056,3,2.480189663691027e-06,COMPLETE
42,0.7366181044360779,2026-03-14 11:47:34.409864,2026-03-14 11:51:59.539879,0 days 00:04:25.130015,128,0.03359428531142263,512,0.0001695025470706504,6,4.70127979860398e-06,PRUNED
43,0.710263545588476,2026-03-14 11:51:59.540908,2026-03-14 11:53:16.756734,0 days 00:01:17.215826,128,0.0679080678548257,512,0.000264013418973421,3,2.7657276212419433e-06,PRUNED
44,0.7804878048780488,2026-03-14 11:53:16.757632,2026-03-14 11:59:08.329155,0 days 00:05:51.571523,128,0.00024503450178156583,512,0.0001543756830119813,3,1.4342012335115553e-06,COMPLETE
45,0.6961859551481421,2026-03-14 11:59:08.330218,2026-03-14 12:00:26.771714,0 days 00:01:18.441496,64,0.03154816444864937,64,0.0001523751150434566,2,1.304960151514035e-06,PRUNED
46,0.7115730888852513,2026-03-14 12:00:26.772688,2026-03-14 12:01:27.673761,0 days 00:01:00.901073,256,0.06945569229515741,256,0.0007381461763667768,4,2.2159713543523163e-06,PRUNED
47,0.7534784743820593,2026-03-14 12:01:27.674776,2026-03-14 12:05:26.150048,0 days 00:03:58.475272,128,0.025673726014581594,512,0.00029803083368803247,3,1.0404820287144092e-06,PRUNED
48,0.7541332460304468,2026-03-14 12:05:26.151010,2026-03-14 12:10:59.135875,0 days 00:05:32.984865,64,0.056130938291276924,128,0.00020882578418234164,3,5.631802636604764e-06,PRUNED
49,0.7683745293828778,2026-03-14 12:10:59.136773,2026-03-14 12:17:45.649416,0 days 00:06:46.512643,128,0.021868216888704224,512,0.0001180750322102525,5,1.7236926328182197e-06,PRUNED
50,0.6844000654771648,2026-03-14 12:17:45.650461,2026-03-14 12:18:35.215474,0 days 00:00:49.565013,256,0.49994549013597606,512,0.0003240555194729632,2,1.3653287288771669e-06,PRUNED
51,0.7804878048780488,2026-03-14 12:18:35.216474,2026-03-14 12:24:28.238745,0 days 00:05:53.022271,128,0.002069379994347312,512,0.0001022359354773845,3,3.1215264462808347e-06,COMPLETE
52,0.7790145686691766,2026-03-14 12:24:28.239711,2026-03-14 12:30:17.630555,0 days 00:05:49.390844,128,0.03671706054126813,512,0.00015663086205206628,3,3.177158631250526e-06,COMPLETE
53,0.7803241119659519,2026-03-14 12:30:17.631478,2026-03-14 12:36:06.458927,0 days 00:05:48.827449,128,0.0008709473021711432,512,0.00012088254408871003,3,2.018403572767881e-06,COMPLETE
54,0.7565886397119005,2026-03-14 12:36:06.459893,2026-03-14 12:39:43.241279,0 days 00:03:36.781386,128,0.0034762676735912244,512,0.00011968133483781121,3,2.074513637718949e-06,PRUNED
55,0.7151743329513832,2026-03-14 12:39:43.242286,2026-03-14 12:41:07.298284,0 days 00:01:24.055998,128,0.021568779408620425,512,0.00018127888016242918,3,4.775776254016147e-06,PRUNED
56,0.7053527582255689,2026-03-14 12:41:07.299266,2026-03-14 12:42:14.701505,0 days 00:01:07.402239,128,0.04344430567313422,256,0.00014104378752673372,4,2.871562010907932e-06,PRUNED
57,0.6989687346537895,2026-03-14 12:42:14.702415,2026-03-14 12:43:25.025057,0 days 00:01:10.322642,128,0.003938218657729576,512,0.002829759901214058,3,6.089091157243407e-06,PRUNED
58,0.7061712227860534,2026-03-14 12:43:25.026070,2026-03-14 12:44:18.187123,0 days 00:00:53.161053,128,0.06855438004618336,128,0.00011244752618170872,2,1.6578418204640228e-06,PRUNED
59,0.6991324275658864,2026-03-14 12:44:18.188135,2026-03-14 12:45:25.854270,0 days 00:01:07.666135,128,0.01786794617037238,64,0.00021447315869651122,4,1.2033345968193216e-05,PRUNED
60,0.7829431985595023,2026-03-14 12:45:25.855222,2026-03-14 12:51:16.368820,0 days 00:05:50.513598,128,0.03828313584162488,512,0.00010048545768934084,3,2.3847669174442702e-06,COMPLETE
61,0.7001145850384678,2026-03-14 12:51:16.369908,2026-03-14 12:52:26.370881,0 days 00:01:10.000973,128,0.03762487481472469,512,0.00010135812126882907,3,2.2230054450307523e-06,PRUNED
62,0.7038795220166967,2026-03-14 12:52:26.371889,2026-03-14 12:53:50.301866,0 days 00:01:23.929977,128,0.01620840516807831,512,0.000126036568320227,3,3.647530616977558e-06,PRUNED
63,0.7256506793255852,2026-03-14 12:53:50.302860,2026-03-14 12:55:49.402884,0 days 00:01:59.100024,128,0.054516989317903115,512,0.00015472694091755982,3,2.571288346708028e-06,PRUNED
64,0.7799967261417581,2026-03-14 12:55:49.403878,2026-03-14 13:01:39.063477,0 days 00:05:49.659599,128,0.00020856214755631978,512,0.0001892610131653662,3,1.2418053938778888e-06,COMPLETE
65,0.7186118841054182,2026-03-14 13:01:39.064524,2026-03-14 13:03:09.596494,0 days 00:01:30.531970,128,0.09151974816103216,512,0.00010178841502469458,3,1.7582884254821398e-06,PRUNED
66,0.7361270256997872,2026-03-14 13:03:09.597432,2026-03-14 13:05:42.754694,0 days 00:02:33.157262,128,0.12055347359938805,512,0.0002488369409715899,3,4.055836970909023e-06,PRUNED
67,0.7415288917989851,2026-03-14 13:05:42.755634,2026-03-14 13:07:44.418365,0 days 00:02:01.662731,128,0.06853998385913951,512,0.0001348147299801656,2,2.0497755961691476e-06,PRUNED
68,0.778359797020789,2026-03-14 13:07:44.419308,2026-03-14 13:13:32.381823,0 days 00:05:47.962515,128,0.03608251968505015,512,0.0001642817652345286,3,2.910566955324426e-06,COMPLETE
69,0.6868554591586185,2026-03-14 13:13:32.382780,2026-03-14 13:14:53.422066,0 days 00:01:21.039286,128,0.46549928232177246,512,0.00012221565461597856,4,1.430597150383566e-06,PRUNED
70,0.7060075298739564,2026-03-14 13:14:53.423109,2026-03-14 13:15:53.186632,0 days 00:00:59.763523,128,0.014695579802784724,128,0.00014564350009349067,3,4.549628666384249e-06,PRUNED
71,0.7659191357014241,2026-03-14 13:15:53.187641,2026-03-14 13:20:10.946070,0 days 00:04:17.758429,128,0.0025949238263285393,512,0.00019241576559316347,3,1.2790279946328544e-06,PRUNED
72,0.7022425928957277,2026-03-14 13:20:10.947194,2026-03-14 13:21:20.668219,0 days 00:01:09.721025,128,0.0005140851519527152,512,0.00018250247599740474,3,1.255670594346411e-06,PRUNED
73,0.6708135537731216,2026-03-14 13:21:20.669236,2026-03-14 13:22:31.146749,0 days 00:01:10.477513,128,0.04759381712098576,512,0.009793540042089462,3,1.0137773993311338e-06,PRUNED
74,0.7430021280078573,2026-03-14 13:22:31.148565,2026-03-14 13:24:58.746827,0 days 00:02:27.598262,128,0.021802546201307716,512,0.00011911732217704874,3,2.440387680490915e-06,PRUNED
75,0.7038795220166967,2026-03-14 13:24:58.747714,2026-03-14 13:26:22.664193,0 days 00:01:23.916479,128,0.03138014384689422,512,0.00023582068946986686,3,1.931646632090236e-06,PRUNED
76,0.7444753642167294,2026-03-14 13:26:22.665072,2026-03-14 13:28:44.673154,0 days 00:02:22.008082,128,0.013809945190324358,256,0.00013972615001019349,2,3.0745280329105913e-06,PRUNED
77,0.710263545588476,2026-03-14 13:28:44.674240,2026-03-14 13:29:43.577668,0 days 00:00:58.903428,256,0.07861991185964885,512,0.0002732777102345843,3,7.175321191721123e-06,PRUNED
78,0.7055164511376657,2026-03-14 13:29:43.578557,2026-03-14 13:31:04.756960,0 days 00:01:21.178403,128,0.22529283656123433,512,0.00020365088848652994,4,1.466729405713757e-06,PRUNED
79,0.6865280733344247,2026-03-14 13:31:04.757949,2026-03-14 13:32:03.845360,0 days 00:00:59.087411,128,0.057405219727561636,64,0.0001694514928890658,3,1.1635099069230964e-06,PRUNED
80,0.7061712227860534,2026-03-14 13:32:03.846327,2026-03-14 13:33:13.495805,0 days 00:01:09.649478,128,0.29740810272725604,512,0.00010012075771735514,3,1.6265993336709041e-06,PRUNED
81,0.7318710099852677,2026-03-14 13:33:13.496809,2026-03-14 13:35:56.205677,0 days 00:02:42.708868,64,0.04465399753002936,512,0.00036128050094101194,3,1.177436576203566e-06,PRUNED
82,0.7628089703715829,2026-03-14 13:35:56.206728,2026-03-14 13:41:30.156198,0 days 00:05:33.949470,64,0.02917025372538884,512,0.00015492512100960851,3,2.4362916312883682e-06,PRUNED
83,0.7405467343264037,2026-03-14 13:41:30.157176,2026-03-14 13:44:50.912360,0 days 00:03:20.755184,64,0.010356182954352654,512,0.00011512795389128292,3,1.979068306506819e-06,PRUNED
84,0.7641185136683581,2026-03-14 13:44:50.913340,2026-03-14 13:50:44.828710,0 days 00:05:53.915370,64,0.09910640666609452,512,0.0001326747901799643,3,1.487235145467508e-06,PRUNED
85,0.7181208053691275,2026-03-14 13:50:44.829686,2026-03-14 13:52:08.218175,0 days 00:01:23.388489,128,0.07893764544532923,512,0.00018317055418935545,3,3.60506690839824e-06,PRUNED
86,0.7066623015223441,2026-03-14 13:52:08.219096,2026-03-14 13:53:31.767036,0 days 00:01:23.547940,128,0.06067844398960043,512,0.0002268225211128421,3,1.845434566292584e-06,PRUNED
87,0.7009330495989524,2026-03-14 13:53:31.767895,2026-03-14 13:54:20.474568,0 days 00:00:48.706673,256,0.04268498652640693,512,0.000273619956162635,2,1.132312424311699e-06,PRUNED
88,0.6713046325094123,2026-03-14 13:54:20.475473,2026-03-14 13:55:56.329292,0 days 00:01:35.853819,64,0.026641292947687523,512,0.007805675130862371,3,4.9960527071941115e-05,PRUNED
89,0.7107546243247668,2026-03-14 13:55:56.330310,2026-03-14 13:57:03.230127,0 days 00:01:06.899817,128,0.0119208587563852,256,0.00011438493653733168,4,0.00023241576957748507,PRUNED
90,0.7068259944344409,2026-03-14 13:57:03.231056,2026-03-14 13:58:02.887820,0 days 00:00:59.656764,128,0.10578980423573825,128,0.00016782393361344203,3,2.7397184699786227e-06,PRUNED
91,0.776559174987723,2026-03-14 13:58:02.888956,2026-03-14 14:03:51.531433,0 days 00:05:48.642477,128,0.001168763934821345,512,0.00011065318882529481,3,2.6504820409938433e-05,COMPLETE
92,0.7169749549844492,2026-03-14 14:03:51.532434,2026-03-14 14:05:15.108645,0 days 00:01:23.576211,128,0.02763750371759438,512,0.0001316777156068914,3,9.28538420583649e-05,PRUNED
93,0.7303977737763955,2026-03-14 14:05:15.109682,2026-03-14 14:07:41.044605,0 days 00:02:25.934923,128,0.013668110676572191,512,0.00015258448001263632,3,2.303081442288397e-06,PRUNED
94,0.7133737109183172,2026-03-14 14:07:41.045759,2026-03-14 14:09:04.657556,0 days 00:01:23.611797,128,0.03691848720778444,512,0.00019843179422848745,3,1.0805085242557662e-05,PRUNED
95,0.699787199214274,2026-03-14 14:09:04.658577,2026-03-14 14:10:28.106891,0 days 00:01:23.448314,128,0.0005885248053569513,512,0.00010474077289973791,3,1.5820153692566173e-06,PRUNED
96,0.7087903093796039,2026-03-14 14:10:28.107883,2026-03-14 14:11:37.665840,0 days 00:01:09.557957,128,0.1464350025897208,512,0.0001265318505748444,3,3.245715322321983e-06,PRUNED
97,0.6524799476182681,2026-03-14 14:11:37.666834,2026-03-14 14:12:59.139155,0 days 00:01:21.472321,128,0.36536196934881354,64,0.00014615816724359692,6,1.4133275668792128e-05,PRUNED
98,0.7092813881158946,2026-03-14 14:12:59.140340,2026-03-14 14:14:32.391383,0 days 00:01:33.251043,128,0.052753052273919535,512,0.00011098650790084509,5,1.3592517754542813e-06,PRUNED
99,0.7289245375675233,2026-03-14 14:14:32.392393,2026-03-14 14:17:14.735048,0 days 00:02:42.342655,64,0.019362633166272868,512,0.00014169698743054433,3,2.0937997236927634e-06,PRUNED
